2018-10-08 16:16:38 INFO - --------
2018-10-08 16:16:38 INFO - Starting Node.js Portable 2.4.1...
2018-10-08 16:16:38 INFO - Current path: C:\Users\Junini\Desktop\node portable
2018-10-08 16:16:41 INFO - >> INSTALL
2018-10-08 16:16:51 INFO - nodejsVersion:%!(EXTRA string=10.11.0)
2018-10-08 16:16:56 INFO - nodejsArch:%!(EXTRA string=x64)
2018-10-08 16:16:56 INFO - Checking Node.js version 10.11.0... 
2018-10-08 16:16:56 INFO - Downloading http://nodejs.org/dist/v10.11.0/node-v10.11.0-win-x64.zip...
2018-10-08 16:17:24 INFO - Extracting node-v10.11.0-win-x64.zip... 
2018-10-08 16:18:02 INFO - Moving nodejs folder... 
2018-10-08 16:18:48 INFO - Creating Node.js configuration... 
2018-10-08 16:19:03 INFO - --------
2018-10-08 16:19:03 INFO - Starting Node.js Portable 2.4.1...
2018-10-08 16:19:03 INFO - Current path: C:\Users\Junini\Desktop\node portable
2018-10-08 16:19:06 INFO - >> SHELL
2018-10-08 16:19:06 INFO - Checking if Node.js installed... 
2018-10-08 16:19:06 INFO - Creating Node.js configuration... 
2018-10-08 16:19:06 INFO - Checking custom paths...
2018-10-08 16:19:06 INFO - # C:\Program Files (x86)\Git\cmd 
2018-10-08 16:19:06 WARN - Not found...
2018-10-08 16:19:06 INFO - # D:\another_path 
2018-10-08 16:19:06 WARN - Not found...
2018-10-08 16:19:06 INFO - # C:\Users\Junini\Desktop\a_relative_path 
2018-10-08 16:19:06 WARN - Not found...
2018-10-08 16:19:06 INFO - Adding node to PATH... 
2018-10-08 16:19:06 INFO - Setting NODE_PATH... 
2018-10-08 16:19:06 INFO - Creating launch script... 
2018-10-08 16:19:09 INFO - Clearing screen...
2018-10-08 16:19:09 INFO - Starting up the shell... 
2018-10-08 16:19:45 INFO - --------
2018-10-08 16:19:45 INFO - Starting Node.js Portable 2.4.1...
2018-10-08 16:19:45 INFO - Current path: C:\Users\Junini\Desktop\node portable
2018-10-08 16:19:48 INFO - >> SHELL
2018-10-08 16:19:48 INFO - Checking if Node.js installed... 
2018-10-08 16:19:48 INFO - Creating Node.js configuration... 
2018-10-08 16:19:48 INFO - Checking custom paths...
2018-10-08 16:19:48 INFO - # C:\Program Files (x86)\Git\cmd 
2018-10-08 16:19:48 WARN - Not found...
2018-10-08 16:19:48 INFO - # D:\another_path 
2018-10-08 16:19:48 WARN - Not found...
2018-10-08 16:19:48 INFO - # C:\Users\Junini\Desktop\a_relative_path 
2018-10-08 16:19:48 WARN - Not found...
2018-10-08 16:19:48 INFO - Adding node to PATH... 
2018-10-08 16:19:48 INFO - Setting NODE_PATH... 
2018-10-08 16:19:48 INFO - Creating launch script... 
2018-10-08 16:20:12 INFO - Clearing screen...
2018-10-08 16:20:12 INFO - Starting up the shell... 
2018-10-08 16:31:53 INFO - --------
2018-10-08 16:31:53 INFO - Starting Node.js Portable 2.4.1...
2018-10-08 16:31:53 INFO - Current path: E:\node portable
2018-10-08 16:31:57 INFO - >> SHELL
2018-10-08 16:31:57 INFO - Checking if Node.js installed... 
2018-10-08 16:31:57 INFO - Creating Node.js configuration... 
2018-10-08 16:31:57 INFO - Checking custom paths...
2018-10-08 16:31:57 INFO - # C:\Program Files (x86)\Git\cmd 
2018-10-08 16:31:57 WARN - Not found...
2018-10-08 16:31:57 INFO - # D:\another_path 
2018-10-08 16:31:57 WARN - Not found...
2018-10-08 16:31:57 INFO - # E:\a_relative_path 
2018-10-08 16:31:57 WARN - Not found...
2018-10-08 16:31:57 INFO - Adding node to PATH... 
2018-10-08 16:31:57 INFO - Setting NODE_PATH... 
2018-10-08 16:31:57 INFO - Creating launch script... 
2018-10-08 16:32:04 INFO - Clearing screen...
2018-10-08 16:32:06 INFO - Starting up the shell... 
2018-10-08 19:59:03 INFO - --------
2018-10-08 19:59:03 INFO - Starting Node.js Portable 2.4.1...
2018-10-08 19:59:03 INFO - Current path: C:\Users\Junini\Desktop\node portable
2018-10-08 19:59:05 INFO - >> SHELL
2018-10-08 19:59:05 INFO - Checking if Node.js installed... 
2018-10-08 19:59:05 INFO - Creating Node.js configuration... 
2018-10-08 19:59:05 INFO - Checking custom paths...
2018-10-08 19:59:05 INFO - # C:\Program Files (x86)\Git\cmd 
2018-10-08 19:59:05 WARN - Not found...
2018-10-08 19:59:05 INFO - # D:\another_path 
2018-10-08 19:59:05 WARN - Not found...
2018-10-08 19:59:05 INFO - # C:\Users\Junini\Desktop\a_relative_path 
2018-10-08 19:59:05 WARN - Not found...
2018-10-08 19:59:05 INFO - Adding node to PATH... 
2018-10-08 19:59:05 INFO - Setting NODE_PATH... 
2018-10-08 19:59:05 INFO - Creating launch script... 
2018-10-08 19:59:09 INFO - Clearing screen...
2018-10-08 19:59:09 INFO - Starting up the shell... 
